<?xml version="1.0" encoding="UTF-8"?>
<testng-results ignored="0" total="1" passed="1" failed="0" skipped="0">
  <reporter-output>
  </reporter-output>
  <suite started-at="2023-12-15T18:16:02 IST" name="Suite" finished-at="2023-12-15T18:27:42 IST" duration-ms="699109">
    <groups>
    </groups>
    <test started-at="2023-12-15T18:16:02 IST" name="Test" finished-at="2023-12-15T18:27:42 IST" duration-ms="699109">
      <class name="com.spicejet.utils.Reports">
        <test-method is-config="true" signature="startReport()[pri:0, instance:com.spicejet.utils.Reports@33065d67]" started-at="2023-12-15T18:16:02 IST" name="startReport" finished-at="2023-12-15T18:16:02 IST" duration-ms="179" status="PASS">
          <reporter-output>
          </reporter-output>
        </test-method> <!-- startReport -->
        <test-method is-config="true" signature="endReport()[pri:0, instance:com.spicejet.utils.Reports@33065d67]" started-at="2023-12-15T18:27:42 IST" name="endReport" finished-at="2023-12-15T18:27:42 IST" duration-ms="466" status="PASS">
          <reporter-output>
          </reporter-output>
        </test-method> <!-- endReport -->
      </class> <!-- com.spicejet.utils.Reports -->
      <class name="com.spicejet.tests.PaymentInfoTest">
        <test-method signature="paymentDetails()[pri:0, instance:com.spicejet.tests.PaymentInfoTest@5afa3c9]" started-at="2023-12-15T18:16:03 IST" name="paymentDetails" finished-at="2023-12-15T18:27:42 IST" duration-ms="699072" status="PASS">
          <reporter-output>
          </reporter-output>
        </test-method> <!-- paymentDetails -->
      </class> <!-- com.spicejet.tests.PaymentInfoTest -->
    </test> <!-- Test -->
  </suite> <!-- Suite -->
</testng-results>
